games/android-game-2026-03-16-b/app/proguard-rules.pro
# Neon Duel ProGuard Rules
-keepattributes SourceFile,LineNumberTable
-renamesourcefileattribute SourceFile