games/android-game-2026-03-16-b/app/build/outputs/mapping/release/seeds.txt
com.velvetlift.game.MainActivity
com.velvetlift.game.game.ServicePhase: com.velvetlift.game.game.ServicePhase[] values()
com.velvetlift.game.game.ServicePhase: com.velvetlift.game.game.ServicePhase valueOf(java.lang.String)
com.velvetlift.game.game.GuestArchetype: com.velvetlift.game.game.GuestArchetype valueOf(java.lang.String)
com.velvetlift.game.game.GuestArchetype: com.velvetlift.game.game.GuestArchetype[] values()
com.velvetlift.game.MainActivity: MainActivity()
...
androidx.compose.foundation.FocusableKt$FocusableInNonTouchModeElement$1: FocusableKt$FocusableInNonTouchModeElement$1()
androidx.core.view.WindowInsetsCompat$Impl20: void loadReflectionField()
androidx.compose.ui.text.android.StaticLayoutFactory28: void setUseLineSpacingFromFallbacks(android.text.StaticLayout$Builder,boolean)
androidx.compose.ui.platform.AndroidComposeView: long getLastMatrixRecalculationAnimationTime$ui_release()
androidx.compose.animation.core.MutatePriority: androidx.compose.animation.core.MutatePriority valueOf(java.lang.String)
androidx.compose.ui.graphics.BlendModeColorFilterHelper: android.graphics.BlendModeColorFilter BlendModeColorFilter-xETnrds(long,int)
androidx.core.view.WindowInsetsCompat$Impl: androidx.core.view.WindowInsetsCompat consumeSystemWindowInsets()
androidx.core.view.WindowInsetsCompat$BuilderImpl29: androidx.core.view.WindowInsetsCompat build()
android.support.v4.graphics.drawable.IconCompatParcelizer: IconCompatParcelizer()
androidx.compose.material3.tokens.ColorSchemeKeyTokens: androidx.compose.material3.tokens.ColorSchemeKeyTokens valueOf(java.lang.String)
androidx.core.graphics.drawable.IconCompat$Api28Impl: java.lang.String getResPackage(java.lang.Object)
androidx.compose.ui.node.TraversableNode$Companion$TraverseDescendantsAction: androidx.compose.ui.node.TraversableNode$Companion$TraverseDescendantsAction[] values()
androidx.core.view.WindowInsetsCompat$BuilderImpl: void setSystemWindowInsets(androidx.core.graphics.Insets)
androidx.core.view.accessibility.AccessibilityNodeInfoCompat$Api30Impl: java.lang.CharSequence getStateDescription(android.view.accessibility.AccessibilityNodeInfo)
androidx.core.view.WindowInsetsCompat$Impl20: androidx.core.graphics.Insets getInsets(int,boolean)
androidx.compose.foundation.gestures.Orientation: androidx.compose.foundation.gestures.Orientation[] values()
androidx.core.view.ViewCompat$Api21Impl: boolean dispatchNestedFling(android.view.View,float,float,boolean)
androidx.lifecycle.ReportFragment$LifecycleCallbacks: void onActivityDestroyed(android.app.Activity)
androidx.profileinstaller.ProfileInstallerInitializer: ProfileInstallerInitializer()
androidx.compose.ui.platform.ComposeView: java.lang.CharSequence getAccessibilityClassName()
androidx.lifecycle.ReportFragment$LifecycleCallbacks: void onActivityStarted(android.app.Activity)
kotlin.random.Random: Random()
androidx.core.view.WindowInsetsCompat$BuilderImpl: androidx.core.view.WindowInsetsCompat build()
androidx.core.view.WindowInsetsCompat$Impl: androidx.core.graphics.Insets getTappableElementInsets()
androidx.core.view.ViewCompat$Api21Impl: android.graphics.PorterDuff$Mode getBackgroundTintMode(android.view.View)
androidx.core.view.ViewCompat$Api21Impl: boolean dispatchNestedPreFling(android.view.View,float,float)
androidx.core.view.ViewCompat$Api21Impl$1: ViewCompat$Api21Impl$1(android.view.View,androidx.core.view.OnApplyWindowInsetsListener)
androidx.core.view.ViewCompat$Api21Impl: void setNestedScrollingEnabled(android.view.View,boolean)
androidx.compose.ui.input.pointer.util.VelocityTracker1D$Strategy: androidx.compose.ui.input.pointer.util.VelocityTracker1D$Strategy valueOf(java.lang.String)
androidx.core.view.DisplayCutoutCompat$Api28Impl: int getSafeInsetBottom(android.view.DisplayCutout)
androidx.compose.foundation.layout.Direction: androidx.compose.foundation.layout.Direction valueOf(java.lang.String)
androidx.core.view.accessibility.AccessibilityNodeInfoCompat$Api33Impl: java.lang.String getCollectionItemRowTitle(java.lang.Object)
androidx.core.view.WindowInsetsCompat$Impl: void copyRootViewBounds(android.view.View)
androidx.core.graphics.drawable.IconCompat$Api28Impl: int getResId(java.lang.Object)
androidx.lifecycle.ProcessLifecycleOwner$attach$1: void onActivityCreated(android.app.Activity,android.os.Bundle)
androidx.emoji2.text.ConcurrencyHelpers$Handler28Impl: android.os.Handler createAsync(android.os.Looper)