games/android-game-2026-03-16-b/app/build/outputs/mapping/release/mapping.txt
# compiler: R8
# compiler_version: 8.2.47
# min_api: 24
# common_typos_disable
# {"id":"com.android.tools.r8.mapping","version":"2.2"}
# pg_map_id: 2137afe
# pg_map_hash: SHA-256 2137afed52db2cfe06f4e9f927f32be66df3ed8b45b56d805470f4f342ed3fee
com.velvetlift.game.ComposableSingletons$MainActivityKt -> p2.b:
# {"id":"sourceFile","fileName":"MainActivity.kt"}
    kotlin.jvm.functions.Function2 lambda-1 -> a
      # {"id":"com.android.tools.r8.residualsignature","signature":"Le0/c;"}
    kotlin.jvm.functions.Function2 lambda-2 -> b
      # {"id":"com.android.tools.r8.residualsignature","signature":"Le0/c;"}
    kotlin.jvm.functions.Function2 lambda-3 -> c
      # {"id":"com.android.tools.r8.residualsignature","signature":"Le0/c;"}
    3:15:androidx.compose.runtime.internal.ComposableLambda androidx.compose.runtime.internal.ComposableLambdaKt.composableLambdaInstance(int,boolean,java.lang.Object):616:616 -> <clinit>
    3:15:void <clinit>():23 -> <clinit>
    16:27:androidx.compose.runtime.internal.ComposableLambda androidx.compose.runtime.internal.ComposableLambdaKt.composableLambdaInstance(int,boolean,java.lang.Object):616:616 -> <clinit>
    16:27:void <clinit>():19 -> <clinit>
    28:38:androidx.compose.runtime.internal.ComposableLambda androidx.compose.runtime.internal.ComposableLambdaKt.composableLambdaInstance(int,boolean,java.lang.Object):616:616 -> <clinit>
    28:38:void <clinit>():18 -> <clinit>
com.velvetlift.game.ComposableSingletons$MainActivityKt$lambda-1$1 -> p2.a:
# {"id":"sourceFile","fileName":"MainActivity.kt"}
    int $r8$classId -> h
      # {"id":"com.android.tools.r8.synthesized"}
    com.velvetlift.game.ComposableSingletons$MainActivityKt$lambda-1$1 INSTANCE -> i
      # {"id":"com.android.tools.r8.residualsignature","signature":"Lp2/a;"}
    com.velvetlift.game.ComposableSingletons$MainActivityKt$lambda-2$1 com.velvetlift.game.ComposableSingletons$MainActivityKt$lambda-2$1.INSTANCE -> j
      # {"id":"com.android.tools.r8.residualsignature","signature":"Lp2/a;"}
    com.velvetlift.game.ComposableSingletons$MainActivityKt$lambda-3$1 com.velvetlift.game.ComposableSingletons$MainActivityKt$lambda-3$1.INSTANCE -> k
      # {"id":"com.android.tools.r8.residualsignature","signature":"Lp2/a;"}
    1:1:void $r8$clinit$synthetic():0:0 -> <clinit>
      # {"id":"com.android.tools.r8.synthesized"}
    4:7:void com.velvetlift.game.ComposableSingletons$MainActivityKt$lambda-1$1.<init>():0:0 -> <init>
    4:7:void $r8$init$synthetic(int):0 -> <init>
      # {"id":"com.android.tools.r8.synthesized"}
    14:20:void com.velvetlift.game.ComposableSingletons$MainActivityKt$lambda-3$1.invoke(androidx.compose.runtime.Composer,int):19:19 -> a
    14:20:void invoke$bridge(androidx.compose.runtime.Composer,int):0 -> a
      # {"id":"com.android.tools.r8.synthesized"}
      # {"id":"com.android.tools.r8.residualsignature","signature":"(Lx/m;I)V"}
com.velvetlift.game.ComposableSingletons$MainActivityKt$lambda-2$1 -> R8$$REMOVED$$CLASS$$711:
# {"id":"sourceFile","fileName":"MainActivity.kt"}
com.velvetlift.game.ComposableSingletons$MainActivityKt$lambda-3$1 -> R8$$REMOVED$$CLASS$$712:
# {"id":"sourceFile","fileName":"MainActivity.kt"}
...
androidx.compose.runtime.Recomposer$Companion -> R8$$REMOVED$$CLASS$$212:
# {"id":"sourceFile","fileName":"Recomposer.kt"}
androidx.compose.runtime.Recomposer$RecomposerErrorState -> R8$$REMOVED$$CLASS$$213:
# {"id":"sourceFile","fileName":"Recomposer.kt"}
androidx.compose.runtime.Recomposer$State -> x.x1:
# {"id":"sourceFile","fileName":"Recomposer.kt"}
    androidx.compose.runtime.Recomposer$State ShutDown -> g
      # {"id":"com.android.tools.r8.residualsignature","signature":"Lx/x1;"}
    androidx.compose.runtime.Recomposer$State ShuttingDown -> h
      # {"id":"com.android.tools.r8.residualsignature","signature":"Lx/x1;"}
    androidx.compose.runtime.Recomposer$State Inactive -> i
      # {"id":"com.android.tools.r8.residualsignature","signature":"Lx/x1;"}
    androidx.compose.runtime.Recomposer$State InactivePendingWork -> j
      # {"id":"com.android.tools.r8.residualsignature","signature":"Lx/x1;"}
    androidx.compose.runtime.Recomposer$State Idle -> k
      # {"id":"com.android.tools.r8.residualsignature","signature":"Lx/x1;"}
    androidx.compose.runtime.Recomposer$State PendingWork -> l
      # {"id":"com.android.tools.r8.residualsignature","signature":"Lx/x1;"}
    androidx.compose.runtime.Recomposer$State[] $VALUES -> m
      # {"id":"com.android.tools.r8.residualsignature","signature":"[Lx/x1;"}
    1:5:void <clinit>():159:159 -> <clinit>
    6:10:void androidx.compose.runtime.Recomposer$State.<init>(java.lang.String,int):154:154 -> <clinit>
    6:10:void <clinit>():159 -> <clinit>
    11:15:void <clinit>():166:166 -> <clinit>
    16:20:void androidx.compose.runtime.Recomposer$State.<init>(java.lang.String,int):154:154 -> <clinit>
    16:20:void <clinit>():166 -> <clinit>
androidx.compose.runtime.Recomposer$broadcastFrameClock$1 -> R8$$REMOVED$$CLASS$$214:
# {"id":"sourceFile","fileName":"Recomposer.kt"}
androidx.compose.runtime.Recomposer$effectJob$1$1 -> R8$$REMOVED$$CLASS$$216:
# {"id":"sourceFile","fileName":"Recomposer.kt"}
androidx.compose.runtime.Recomposer$effectJob$1$1$1$1 -> R8$$REMOVED$$CLASS$$215:
# {"id":"sourceFile","fileName":"Recomposer.kt"}
androidx.compose.runtime.Recomposer$join$2 -> x.y1:
# {"id":"sourceFile","fileName":"Recomposer.kt"}
    java.lang.Object L$0 -> k
    5:17:java.lang.Object androidx.compose.runtime.Recomposer$join$2.invoke(androidx.compose.runtime.Recomposer$State,kotlin.coroutines.Continuation):0:0 -> h
    5:17:java.lang.Object invoke(java.lang.Object,java.lang.Object):0 -> h
    4:9:void androidx.compose.runtime.Recomposer$join$2.<init>(kotlin.coroutines.Continuation):0:0 -> p
    4:9:kotlin.coroutines.Continuation create(java.lang.Object,kotlin.coroutines.Continuation):0 -> p
      # {"id":"com.android.tools.r8.residualsignature","signature":"(Ljava/lang/Object;Lv2/e;)Lv2/e;"}
    1:14:java.lang.Object invokeSuspend(java.lang.Object):1061:1061 -> r
    15:19:java.lang.Boolean kotlin.coroutines.jvm.internal.Boxing.boxBoolean(boolean):20:20 -> r
    15:19:java.lang.Object invokeSuspend(java.lang.Object):1061 -> r
androidx.compose.runtime.Recomposer$performRecompose$1$1 -> R8$$REMOVED$$CLASS$$217:
# {"id":"sourceFile","fileName":"Recomposer.kt"}
androidx.compose.runtime.Recomposer$readObserverOf$1 -> R8$$REMOVED$$CLASS$$218:
# {"id":"sourceFile","fileName":"Recomposer.kt"}