games/android-game-2026-03-16-b/app/build/outputs/mapping/release/usage.txt
com.velvetlift.game.MainActivity:
    public static final int $stable
com.velvetlift.game.R$color
com.velvetlift.game.R$drawable
com.velvetlift.game.R$mipmap
com.velvetlift.game.R$string
com.velvetlift.game.R$style
com.velvetlift.game.R
com.velvetlift.game.game.CareerPerks:
    public static final int $stable
    public void <init>()
    public synthetic void <init>(float,float,int,int,kotlin.jvm.internal.DefaultConstructorMarker)
    public final float component1()
    public final float component2()
    public final int component3()
    public final com.velvetlift.game.game.CareerPerks copy(float,float,int)
    public static synthetic com.velvetlift.game.game.CareerPerks copy$default(com.velvetlift.game.game.CareerPerks,float,float,int,int,java.lang.Object)
com.velvetlift.game.game.CareerProfile:
    public void <init>()
    public synthetic void <init>(int,java.util.Map,java.util.Map,int,int,int,kotlin.jvm.internal.DefaultConstructorMarker)
    public final int component1()
    public final java.util.Map component2()
    public final java.util.Map component3()
    public final int component4()
    public final int component5()
    public static synthetic com.velvetlift.game.game.CareerProfile copy$default(com.velvetlift.game.game.CareerProfile,int,java.util.Map,java.util.Map,int,int,int,java.lang.Object)
com.velvetlift.game.game.ContractConfig:
    public static final int $stable
    public final int component1()
    public final int component10()
    public final int component11()
    public final int component12()
    public final int component13()
    public final float component14()
    public final float component15()
    public final java.lang.String component2()
    public final java.lang.String component3()
    public final java.lang.String component4()
    public final int component5()
    public final int component6()
    public final int component7()
    public final int component8()
    public final float component9()
    public final com.velvetlift.game.game.ContractConfig copy(int,java.lang.String,java.lang.String,java.lang.String,int,int,int,int,float,int,int,int,int,float,float)
    public static synthetic com.velvetlift.game.game.ContractConfig copy$default(com.velvetlift.game.game.ContractConfig,int,java.lang.String,java.lang.String,java.lang.String,int,int,int,int,float,int,int,int,int,float,float,int,java.lang.Object)
com.velvetlift.game.game.ContractResult:
    public static final int $stable
    public final boolean component1()
    public final int component2()
    public final int component3()
    public final int component4()
    public final int component5()
    public final float component6()
    public final com.velvetlift.game.game.ContractResult copy(boolean,int,int,int,int,float)
    public static synthetic com.velvetlift.game.game.ContractResult copy$default(com.velvetlift.game.game.ContractResult,boolean,int,int,int,int,float,int,java.lang.Object)
    public final int getLost()
com.velvetlift.game.game.FloatingText:
    public static final int $stable
    public final int component1()
    public final java.lang.String component2()
    public final int component3()
    public final float component4()
    public final long component5-0d7_KjU()
    public final int getId()
com.velvetlift.game.game.GameEngine:
    public static final int $stable
    private static final float DOOR_OPEN_SECONDS
    private static final int MAX_QUEUE_SIZE
    private static final float MOVE_SPEED_FLOORS_PER_SECOND
com.velvetlift.game.game.Guest:
    public static final int $stable
    public final int component1()
    public final com.velvetlift.game.game.GuestArchetype component2()
    public final int component3()
    public final int component4()
    public final float component5()
    public final float component6()
    public final float component7()
    public final int getOrigin()
...
kotlin.text.FlagEnum
kotlin.text.HexExtensionsKt
kotlin.text.HexFormat$Builder
kotlin.text.HexFormat$BytesHexFormat$Builder
kotlin.text.HexFormat$BytesHexFormat$Companion
kotlin.text.HexFormat$BytesHexFormat
kotlin.text.HexFormat$Companion
kotlin.text.HexFormat$NumberHexFormat$Builder
kotlin.text.HexFormat$NumberHexFormat$Companion
kotlin.text.HexFormat$NumberHexFormat
kotlin.text.HexFormat
kotlin.text.HexFormatKt
kotlin.text.MatchGroup
kotlin.text.MatchGroupCollection
kotlin.text.MatchNamedGroupCollection
kotlin.text.MatchResult$DefaultImpls
kotlin.text.MatchResult$Destructured
kotlin.text.MatchResult
kotlin.text.MatcherMatchResult$groupValues$1
kotlin.text.MatcherMatchResult$groups$1$iterator$1
kotlin.text.MatcherMatchResult$groups$1
kotlin.text.MatcherMatchResult
kotlin.text.Regex$Companion
kotlin.text.Regex$Serialized$Companion
kotlin.text.Regex$Serialized
kotlin.text.Regex$findAll$1
kotlin.text.Regex$findAll$2
kotlin.text.Regex$special$$inlined$fromInt$1
kotlin.text.Regex$splitToSequence$1
kotlin.text.Regex
kotlin.text.RegexKt$fromInt$1$1
kotlin.text.RegexKt
kotlin.text.RegexOption
kotlin.text.ScreenFloatValueRegEx
kotlin.text.StringsKt:
    private void <init>()
kotlin.text.StringsKt__AppendableKt:
    public void <init>()
    public static final varargs java.lang.Appendable append(java.lang.Appendable,java.lang.CharSequence[])
    private static final java.lang.Appendable appendLine(java.lang.Appendable)
    private static final java.lang.Appendable appendLine(java.lang.Appendable,char)
    private static final java.lang.Appendable appendLine(java.lang.Appendable,java.lang.CharSequence)
    public static final java.lang.Appendable appendRange(java.lang.Appendable,java.lang.CharSequence,int,int)
kotlin.text.StringsKt__IndentKt$prependIndent$1
kotlin.text.StringsKt__IndentKt:
    public void <init>()
    public static final java.lang.String prependIndent(java.lang.String,java.lang.String)
    public static synthetic java.lang.String prependIndent$default(java.lang.String,java.lang.String,int,java.lang.Object)
    private static final java.lang.String reindent$StringsKt__IndentKt(java.util.List,int,kotlin.jvm.functions.Function1,kotlin.jvm.functions.Function1)
    public static synthetic java.lang.String replaceIndent$default(java.lang.String,java.lang.String,int,java.lang.Object)
    public static final java.lang.String replaceIndentByMargin(java.lang.String,java.lang.String,java.lang.String)
    public static synthetic java.lang.String replaceIndentByMargin$default(java.lang.String,java.lang.String,java.lang.String,int,java.lang.Object)
    public static final java.lang.String trimMargin(java.lang.String,java.lang.String)
    public static synthetic java.lang.String trimMargin$default(java.lang.String,java.lang.String,int,java.lang.Object)
kotlin.text.StringsKt__RegexExtensionsJVMKt:
    public void <init>()
    private static final kotlin.text.Regex toRegex(java.util.regex.Pattern)
kotlin.text.StringsKt__RegexExtensionsKt:
    public void <init>()
    private static final kotlin.text.Regex toRegex(java.lang.String)
    private static final kotlin.text.Regex toRegex(java.lang.String,java.util.Set)
    private static final kotlin.text.Regex toRegex(java.lang.String,kotlin.text.RegexOption)